<?xml version="1.0" encoding="UTF-8"?>
<!-- Generated by org.testng.reporters.JUnitReportReporter -->
<testsuite hostname="LN055QGCA22ADE" name="rough.RunmodeCheck" tests="8" failures="0" timestamp="21 Nov 2016 00:18:00 GMT" time="0.019" errors="0">
  <testcase name="isTCExecutable" time="0.002" classname="rough.RunmodeCheck"/>
  <testcase name="isTCExecutable" time="0.001" classname="rough.RunmodeCheck"/>
  <testcase name="isTCExecutable" time="0.010" classname="rough.RunmodeCheck"/>
  <testcase name="isTCExecutable" time="0.000" classname="rough.RunmodeCheck"/>
  <testcase name="isTCExecutable" time="0.000" classname="rough.RunmodeCheck"/>
  <testcase name="isTCExecutable" time="0.001" classname="rough.RunmodeCheck"/>
  <testcase name="isTCExecutable" time="0.005" classname="rough.RunmodeCheck"/>
  <testcase name="isTCExecutable" time="0.000" classname="rough.RunmodeCheck"/>
</testsuite> <!-- rough.RunmodeCheck -->
