<?xml version="1.0" encoding="UTF-8"?>
<!-- Generated by org.testng.reporters.JUnitReportReporter -->
<testsuite hostname="LN055QGCA22ADE" name="rough.TestExcel" tests="1" failures="0" timestamp="20 Nov 2016 22:21:26 GMT" time="0.772" errors="0">
  <testcase name="testLogin" time="0.772" classname="rough.TestExcel"/>
</testsuite> <!-- rough.TestExcel -->
