<?xml version="1.0" encoding="UTF-8"?>
<!-- Generated by org.testng.reporters.JUnitReportReporter -->
<testsuite hostname="LN055QGCA22ADE" name="testCases1.Login1" tests="2" failures="0" timestamp="22 Nov 2016 23:58:29 GMT" time="28.898" errors="0">
  <testcase name="checkRunMode" time="13.523" classname="testCases1.Login1"/>
  <testcase name="checkRunMode" time="15.375" classname="testCases1.Login1"/>
</testsuite> <!-- testCases1.Login1 -->
