<?xml version="1.0" encoding="UTF-8"?>
<!-- Generated by org.testng.reporters.JUnitReportReporter -->
<testsuite hostname="LN055QGCA22ADE" name="util1.TestUtil" tests="1" failures="0" timestamp="21 Nov 2016 19:41:55 GMT" time="0.009" errors="0">
  <testcase name="checkRunMode" time="0.009" classname="util1.TestUtil"/>
</testsuite> <!-- util1.TestUtil -->
